[2019-08-10 02:09:35.321] [exthost] [info] extension host started
[2019-08-10 02:09:35.331] [exthost] [info] ExtensionService#_doActivateExtension vscode.debug-auto-launch {"startup":true,"activationEvent":"*"}
[2019-08-10 02:09:35.331] [exthost] [info] ExtensionService#loadCommonJSModule /snap/code/12/usr/share/code/resources/app/extensions/debug-auto-launch/dist/extension
[2019-08-10 02:09:35.334] [exthost] [info] ExtensionService#_doActivateExtension vscode.emmet {"startup":true,"activationEvent":"*"}
[2019-08-10 02:09:35.335] [exthost] [info] ExtensionService#loadCommonJSModule /snap/code/12/usr/share/code/resources/app/extensions/emmet/dist/extension
[2019-08-10 02:09:35.369] [exthost] [info] ExtensionService#_doActivateExtension vscode.git {"startup":true,"activationEvent":"*"}
[2019-08-10 02:09:35.369] [exthost] [info] ExtensionService#loadCommonJSModule /snap/code/12/usr/share/code/resources/app/extensions/git/dist/main
[2019-08-10 02:09:35.437] [exthost] [info] ExtensionService#_doActivateExtension vscode.merge-conflict {"startup":true,"activationEvent":"*"}
[2019-08-10 02:09:35.437] [exthost] [info] ExtensionService#loadCommonJSModule /snap/code/12/usr/share/code/resources/app/extensions/merge-conflict/dist/extension
[2019-08-10 02:09:35.441] [exthost] [info] ExtensionService#_doActivateExtension ritwickdey.LiveServer {"startup":true,"activationEvent":"*"}
[2019-08-10 02:09:35.441] [exthost] [info] ExtensionService#loadCommonJSModule /home/aman/.vscode/extensions/ritwickdey.liveserver-5.6.1/out/src/extension
[2019-08-10 02:09:35.652] [exthost] [info] ExtensionService#_doActivateExtension vscode.npm {"startup":true,"activationEvent":"workspaceContains:package.json"}
[2019-08-10 02:09:35.652] [exthost] [info] ExtensionService#loadCommonJSModule /snap/code/12/usr/share/code/resources/app/extensions/npm/dist/main
[2019-08-10 02:09:35.686] [exthost] [info] ExtensionService#_doActivateExtension GitHub.vscode-pull-request-github {"startup":true,"activationEvent":"*"}
[2019-08-10 02:09:35.686] [exthost] [info] ExtensionService#loadCommonJSModule /home/aman/.vscode/extensions/github.vscode-pull-request-github-0.9.2/media/extension
[2019-08-10 02:09:35.852] [exthost] [info] eager extensions activated
[2019-08-10 02:10:24.952] [exthost] [info] ExtensionService#_doActivateExtension vscode.css-language-features {"startup":false,"activationEvent":"onLanguage:css"}
[2019-08-10 02:10:24.952] [exthost] [info] ExtensionService#loadCommonJSModule /snap/code/12/usr/share/code/resources/app/extensions/css-language-features/client/dist/cssMain
[2019-08-10 02:10:30.581] [exthost] [info] ExtensionService#_doActivateExtension vscode.configuration-editing {"startup":false,"activationEvent":"onLanguage:jsonc"}
[2019-08-10 02:10:30.581] [exthost] [info] ExtensionService#loadCommonJSModule /snap/code/12/usr/share/code/resources/app/extensions/configuration-editing/dist/extension
[2019-08-10 02:10:30.599] [exthost] [info] ExtensionService#_doActivateExtension vscode.json-language-features {"startup":false,"activationEvent":"onLanguage:jsonc"}
[2019-08-10 02:10:30.599] [exthost] [info] ExtensionService#loadCommonJSModule /snap/code/12/usr/share/code/resources/app/extensions/json-language-features/client/dist/jsonMain
[2019-08-10 02:10:30.711] [exthost] [info] ExtensionService#_doActivateExtension vscode.typescript-language-features {"startup":false,"activationEvent":"onLanguage:jsonc"}
[2019-08-10 02:10:30.711] [exthost] [info] ExtensionService#loadCommonJSModule /snap/code/12/usr/share/code/resources/app/extensions/typescript-language-features/dist/extension
[2019-08-10 02:10:36.972] [exthost] [info] ExtensionService#_doActivateExtension vscode.html-language-features {"startup":false,"activationEvent":"onLanguage:html"}
[2019-08-10 02:10:36.972] [exthost] [info] ExtensionService#loadCommonJSModule /snap/code/12/usr/share/code/resources/app/extensions/html-language-features/client/dist/htmlMain
[2019-08-10 02:16:47.958] [exthost] [info] ExtensionService#_doActivateExtension vscode.extension-editing {"startup":false,"activationEvent":"onLanguage:typescript"}
[2019-08-10 02:16:47.958] [exthost] [info] ExtensionService#loadCommonJSModule /snap/code/12/usr/share/code/resources/app/extensions/extension-editing/dist/extension
[2019-08-10 21:54:31.580] [exthost] [info] ExtensionService#_doActivateExtension vscode.grunt {"startup":false,"activationEvent":"onCommand:workbench.action.tasks.runTask"}
[2019-08-10 21:54:31.580] [exthost] [info] ExtensionService#loadCommonJSModule /snap/code/12/usr/share/code/resources/app/extensions/grunt/dist/main
[2019-08-10 21:54:31.595] [exthost] [info] ExtensionService#_doActivateExtension vscode.gulp {"startup":false,"activationEvent":"onCommand:workbench.action.tasks.runTask"}
[2019-08-10 21:54:31.595] [exthost] [info] ExtensionService#loadCommonJSModule /snap/code/12/usr/share/code/resources/app/extensions/gulp/dist/main
[2019-08-10 21:54:31.607] [exthost] [info] ExtensionService#_doActivateExtension vscode.jake {"startup":false,"activationEvent":"onCommand:workbench.action.tasks.runTask"}
[2019-08-10 21:54:31.608] [exthost] [info] ExtensionService#loadCommonJSModule /snap/code/12/usr/share/code/resources/app/extensions/jake/dist/main
