[2019-08-10 01:54:56.940] [exthost] [info] extension host started
[2019-08-10 01:54:56.970] [exthost] [info] ExtensionService#_doActivateExtension vscode.debug-auto-launch {"startup":true,"activationEvent":"*"}
[2019-08-10 01:54:56.970] [exthost] [info] ExtensionService#loadCommonJSModule /snap/code/12/usr/share/code/resources/app/extensions/debug-auto-launch/dist/extension
[2019-08-10 01:54:56.974] [exthost] [info] ExtensionService#_doActivateExtension vscode.emmet {"startup":true,"activationEvent":"*"}
[2019-08-10 01:54:56.974] [exthost] [info] ExtensionService#loadCommonJSModule /snap/code/12/usr/share/code/resources/app/extensions/emmet/dist/extension
[2019-08-10 01:54:57.028] [exthost] [info] ExtensionService#_doActivateExtension vscode.git {"startup":true,"activationEvent":"*"}
[2019-08-10 01:54:57.028] [exthost] [info] ExtensionService#loadCommonJSModule /snap/code/12/usr/share/code/resources/app/extensions/git/dist/main
[2019-08-10 01:54:57.115] [exthost] [info] ExtensionService#_doActivateExtension vscode.merge-conflict {"startup":true,"activationEvent":"*"}
[2019-08-10 01:54:57.115] [exthost] [info] ExtensionService#loadCommonJSModule /snap/code/12/usr/share/code/resources/app/extensions/merge-conflict/dist/extension
[2019-08-10 01:54:57.119] [exthost] [info] ExtensionService#_doActivateExtension ritwickdey.LiveServer {"startup":true,"activationEvent":"*"}
[2019-08-10 01:54:57.119] [exthost] [info] ExtensionService#loadCommonJSModule /home/aman/.vscode/extensions/ritwickdey.liveserver-5.6.1/out/src/extension
[2019-08-10 01:54:57.332] [exthost] [info] eager extensions activated
[2019-08-10 01:54:57.378] [exthost] [info] ExtensionService#_doActivateExtension GitHub.vscode-pull-request-github {"startup":true,"activationEvent":"*"}
[2019-08-10 01:54:57.378] [exthost] [info] ExtensionService#loadCommonJSModule /home/aman/.vscode/extensions/github.vscode-pull-request-github-0.9.2/media/extension
[2019-08-10 01:55:06.417] [exthost] [info] extension host started
[2019-08-10 01:55:06.423] [exthost] [info] ExtensionService#_doActivateExtension vscode.debug-auto-launch {"startup":true,"activationEvent":"*"}
[2019-08-10 01:55:06.423] [exthost] [info] ExtensionService#loadCommonJSModule /snap/code/12/usr/share/code/resources/app/extensions/debug-auto-launch/dist/extension
[2019-08-10 01:55:06.426] [exthost] [info] ExtensionService#_doActivateExtension vscode.emmet {"startup":true,"activationEvent":"*"}
[2019-08-10 01:55:06.426] [exthost] [info] ExtensionService#loadCommonJSModule /snap/code/12/usr/share/code/resources/app/extensions/emmet/dist/extension
[2019-08-10 01:55:06.464] [exthost] [info] ExtensionService#_doActivateExtension vscode.git {"startup":true,"activationEvent":"*"}
[2019-08-10 01:55:06.464] [exthost] [info] ExtensionService#loadCommonJSModule /snap/code/12/usr/share/code/resources/app/extensions/git/dist/main
[2019-08-10 01:55:06.540] [exthost] [info] ExtensionService#_doActivateExtension vscode.merge-conflict {"startup":true,"activationEvent":"*"}
[2019-08-10 01:55:06.540] [exthost] [info] ExtensionService#loadCommonJSModule /snap/code/12/usr/share/code/resources/app/extensions/merge-conflict/dist/extension
[2019-08-10 01:55:06.544] [exthost] [info] ExtensionService#_doActivateExtension ritwickdey.LiveServer {"startup":true,"activationEvent":"*"}
[2019-08-10 01:55:06.544] [exthost] [info] ExtensionService#loadCommonJSModule /home/aman/.vscode/extensions/ritwickdey.liveserver-5.6.1/out/src/extension
[2019-08-10 01:55:06.744] [exthost] [info] ExtensionService#_doActivateExtension vscode.npm {"startup":true,"activationEvent":"workspaceContains:package.json"}
[2019-08-10 01:55:06.744] [exthost] [info] ExtensionService#loadCommonJSModule /snap/code/12/usr/share/code/resources/app/extensions/npm/dist/main
[2019-08-10 01:55:06.779] [exthost] [info] ExtensionService#_doActivateExtension GitHub.vscode-pull-request-github {"startup":true,"activationEvent":"*"}
[2019-08-10 01:55:06.779] [exthost] [info] ExtensionService#loadCommonJSModule /home/aman/.vscode/extensions/github.vscode-pull-request-github-0.9.2/media/extension
[2019-08-10 01:55:06.946] [exthost] [info] eager extensions activated
